Resource Report
Microsemi Corporation - Microsemi Libero Software Release v11.7 SP1.1 (Version 11.7.1.14)
Date: Fri Jun 09 16:24:40 2017

Device Selection
+--------------------------------+----------------+
| Family                         | SmartFusion2   |
| Device                         | M2S090TS       |
| Package                        | 484 FBGA       |
| Speed Grade                    | -1             |
| Temp                           | 0:25:85        |
| Voltage                        | 1.26:1.20:1.14 |
| Core Voltage                   | 1.2V           |
| Ramp Rate                      | 100ms Minimum  |
| System Controller Suspend Mode | No             |
| PLL Supply Voltage             | 2.5V           |
| Default I/O technology         | LVCMOS 2.5V    |
| Restrict Probe Pins            | Yes            |
| Restrict SPI Pins              | No             |
+--------------------------------+----------------+

Source Files
+---------+----------------------------------------------------------------------------------+
| Topcell | CertificationSystem                                                              |
| Format  | EDIF                                                                             |
| Source  | E:\LiberoProjects\CertificationSystem_M2S090TS\synthesis\CertificationSystem.edn |
+---------+----------------------------------------------------------------------------------+

Options
+----------------------------------------------------+-------+
| Enable Single Event Transient mitigation           | false |
| Enable Design Separation Methodology               | false |
| Limit the number of high fanout nets to display to | 10    |
+----------------------------------------------------+-------+

Resource Usage
+---------------------------+------+-------+------------+
| Type                      | Used | Total | Percentage |
+---------------------------+------+-------+------------+
| 4LUT                      | 4357 | 86184 | 5.06       |
| DFF                       | 3251 | 86184 | 3.77       |
| I/O Register              | 0    | 801   | 0.00       |
| User I/O                  | 7    | 267   | 2.62       |
| -- Single-ended I/O       | 7    | 267   | 2.62       |
| -- Differential I/O Pairs | 0    | 133   | 0.00       |
| RAM64x18                  | 0    | 112   | 0.00       |
| RAM1K18                   | 32   | 109   | 29.36      |
| MACC                      | 0    | 84    | 0.00       |
| Chip Globals              | 4    | 16    | 25.00      |
| CCC                       | 1    | 6     | 16.67      |
| RCOSC_25_50MHZ            | 1    | 1     | 100.00     |
| RCOSC_1MHZ                | 0    | 1     | 0.00       |
| XTLOSC                    | 0    | 1     | 0.00       |
| SERDESIF Blocks           | 0    | 1     | 0.00       |
| -- SERDESIF Lanes         | 0    | 4     | 0.00       |
| MSS                       | 1    | 1     | 100.00     |
+---------------------------+------+-------+------------+

Detailed Logic Resource Usage
+--------------------------+------+------+
| Type                     | 4LUT | DFF  |
+--------------------------+------+------+
| Fabric Logic             | 3205 | 2099 |
| RAM64x18 Interface Logic | 0    | 0    |
| RAM1K18 Interface Logic  | 1152 | 1152 |
| MACC Interface Logic     | 0    | 0    |
| Total Used               | 4357 | 3251 |
+--------------------------+------+------+

MSS Resource Usage
+---------------+------+-------+
| Type          | Used | Total |
+---------------+------+-------+
| Cortex-M3*    | 1    | 1     |
| eNVM (512KB)* | 1    | 1     |
| eSRAM*        | 2    | 2     |
| TIMER*        | 2    | 2     |
| CAN           | 0    | 1     |
| SPI           | 1    | 2     |
| I2C           | 0    | 2     |
| UART          | 1    | 2     |
| USB           | 0    | 1     |
| MAC           | 0    | 1     |
| MDDR          | 0    | 1     |
| HPDMA         | 0    | 1     |
| PDMA          | 1    | 1     |
+---------------+------+-------+

* These resources are always marked as used when you are using the MSS

Detailed Carry Chains Resource Usage
+--------+------+
| Length | Used |
| 8      | 1    |
| 32     | 19   |
| 61     | 1    |
| Total  | 21   |
+--------+------+

I/O Function
+-------------------------------+--------------+-------------+-----------------+
| Type                          | w/o register | w/ register | w/ DDR register |
+-------------------------------+--------------+-------------+-----------------+
| Input I/O                     | 2            | 0           | 0               |
| Output I/O                    | 3            | 0           | 0               |
| Bidirectional I/O             | 2            | 0           | 0               |
| Differential Input I/O Pairs  | 0            | 0           | 0               |
| Differential Output I/O Pairs | 0            | 0           | 0               |
+-------------------------------+--------------+-------------+-----------------+

I/O Technology
+--------------+--------+------+-------+--------+---------------+
| I/O Standard | Vddi   | Vref | Input | Output | Bidirectional |
+--------------+--------+------+-------+--------+---------------+
| LVCMOS25     |  2.50v |  N/A |  2    |  3     |  2            |
+--------------+--------+------+-------+--------+---------------+

I/O Placement
+----------+-------+------------+
| Type     | Count | Percentage |
+----------+-------+------------+
| Locked   |  6    | 85.71%     |
| Placed   |  0    | 0.00%      |
| UnPlaced |  1    | 14.29%     |
+----------+-------+------------+

Nets assigned to chip global resources
+--------+---------+--------------------------------------------------------------------------------------+
| Fanout | Type    | Name                                                                                 |
+--------+---------+--------------------------------------------------------------------------------------+
| 2163   | INT_NET | Net   : CertificationSystem_sb_0_FAB_CCC_GL0                                         |
|        |         | Driver: CertificationSystem_sb_0/CCC_0/GL0_INST/U0_RGB1                              |
|        |         | Source: NETLIST                                                                      |
| 180    | INT_NET | Net   : CertificationSystem_sb_0/MSS_READY                                           |
|        |         | Driver: CertificationSystem_sb_0/CORERESETP_0/MSS_HPMS_READY_int_RNIRS5B/U0_RGB1     |
|        |         | Source: NETLIST                                                                      |
| 32     | INT_NET | Net   : SHA256_Module_0/SHA256_BLOCK_0/sha256_controller_0/un2_rst_n_i               |
|        |         | Driver: SHA256_Module_0/SHA256_BLOCK_0/sha256_controller_0/un2_rst_n_RNIE1K2/U0_RGB1 |
|        |         | Source: NETLIST                                                                      |
| 17     | INT_NET | Net   : CertificationSystem_sb_0_POWER_ON_RESET_N                                    |
|        |         | Driver: CertificationSystem_sb_0/SYSRESET_POR_RNIC1R5/U0_RGB1                        |
|        |         | Source: NETLIST                                                                      |
+--------+---------+--------------------------------------------------------------------------------------+

Nets assigned to row global resources
+--------+------+------+
| Fanout | Type | Name |
+--------+------+------+
+--------+------+------+

High fanout nets
+--------+---------+--------------------------------------------------------------------------------------------------------------------+
| Fanout | Type    | Name                                                                                                               |
+--------+---------+--------------------------------------------------------------------------------------------------------------------+
| 570    | INT_NET | Net   : CertificationSystem_sb_0_GPIO_9_M2F                                                                        |
|        |         | Driver: CertificationSystem_sb_0/CertificationSystem_sb_MSS_0/MSS_ADLIB_INST                                       |
| 533    | INT_NET | Net   : CertificationSystem_sb_0/COREAHBLSRAM_0_0/ahbsram_addr[14]                                                 |
|        |         | Driver: CertificationSystem_sb_0/COREAHBLSRAM_0_0/U_CertificationSystem_sb_COREAHBLSRAM_0_0_AHBLSramIf/HADDR_d[14] |
| 512    | INT_NET | Net   : SHA256_Module_0/SHA256_BLOCK_0/gv_sha256_0/N_244_i_0                                                       |
|        |         | Driver: SHA256_Module_0/SHA256_BLOCK_0/gv_sha256_0/Inst_sha256_control/state_counter_proc.un15_ce_i_i_0_a2_RNIKNCQ |
| 374    | INT_NET | Net   : CertificationSystem_sb_0/COREAHBLSRAM_0_0/ahbsram_addr[15]                                                 |
|        |         | Driver: CertificationSystem_sb_0/COREAHBLSRAM_0_0/U_CertificationSystem_sb_COREAHBLSRAM_0_0_AHBLSramIf/HADDR_d[15] |
| 331    | INT_NET | Net   : SHA256_Module_0/SHA256_BLOCK_0/gv_sha256_0/hash_control_st_reg_i[6]                                        |
|        |         | Driver: SHA256_Module_0/SHA256_BLOCK_0/gv_sha256_0/Inst_sha256_control/hash_control_st_reg_i[6]                    |
| 265    | INT_NET | Net   : SHA256_Module_0/data_out_ready                                                                             |
|        |         | Driver: SHA256_Module_0/SHA256_BLOCK_0/reg_17x32_0/data_out_ready                                                  |
| 259    | INT_NET | Net   : SHA256_Module_0/reg9_1x32_0/wen_or_i_3_i_0                                                                 |
|        |         | Driver: SHA256_Module_0/reg9_1x32_0/reg_1x32_0/wen_or_i_3_i                                                        |
| 257    | INT_NET | Net   : SHA256_Module_0/SHA256_BLOCK_0/gv_sha256_0/oregs_ce_i_a2_0_a2                                              |
|        |         | Driver: SHA256_Module_0/SHA256_BLOCK_0/gv_sha256_0/Inst_sha256_control/oregs_ce_i_a2_0_a2                          |
| 256    | INT_NET | Net   : SHA256_Module_0/SHA256_BLOCK_0/gv_sha256_0/N_168_i_0                                                       |
|        |         | Driver: SHA256_Module_0/SHA256_BLOCK_0/gv_sha256_0/Inst_sha256_control/oregs_ce_i_a2_0_a2_i                        |
| 256    | INT_NET | Net   : SHA256_Module_0/SHA256_BLOCK_0/gv_sha256_0/core_ce_o_iv_i_0                                                |
|        |         | Driver: SHA256_Module_0/SHA256_BLOCK_0/gv_sha256_0/Inst_sha256_control/hash_control_st_reg_RNIM1OU[0]              |
+--------+---------+--------------------------------------------------------------------------------------------------------------------+

High fanout nets (through buffer trees)
+--------+---------+--------------------------------------------------------------------------------------------------------------------+
| Fanout | Type    | Name                                                                                                               |
+--------+---------+--------------------------------------------------------------------------------------------------------------------+
| 570    | INT_NET | Net   : CertificationSystem_sb_0_GPIO_9_M2F                                                                        |
|        |         | Driver: CertificationSystem_sb_0/CertificationSystem_sb_MSS_0/MSS_ADLIB_INST                                       |
| 533    | INT_NET | Net   : CertificationSystem_sb_0/COREAHBLSRAM_0_0/ahbsram_addr[14]                                                 |
|        |         | Driver: CertificationSystem_sb_0/COREAHBLSRAM_0_0/U_CertificationSystem_sb_COREAHBLSRAM_0_0_AHBLSramIf/HADDR_d[14] |
| 512    | INT_NET | Net   : SHA256_Module_0/SHA256_BLOCK_0/gv_sha256_0/N_244_i_0                                                       |
|        |         | Driver: SHA256_Module_0/SHA256_BLOCK_0/gv_sha256_0/Inst_sha256_control/state_counter_proc.un15_ce_i_i_0_a2_RNIKNCQ |
| 374    | INT_NET | Net   : CertificationSystem_sb_0/COREAHBLSRAM_0_0/ahbsram_addr[15]                                                 |
|        |         | Driver: CertificationSystem_sb_0/COREAHBLSRAM_0_0/U_CertificationSystem_sb_COREAHBLSRAM_0_0_AHBLSramIf/HADDR_d[15] |
| 331    | INT_NET | Net   : SHA256_Module_0/SHA256_BLOCK_0/gv_sha256_0/hash_control_st_reg_i[6]                                        |
|        |         | Driver: SHA256_Module_0/SHA256_BLOCK_0/gv_sha256_0/Inst_sha256_control/hash_control_st_reg_i[6]                    |
| 265    | INT_NET | Net   : SHA256_Module_0/data_out_ready                                                                             |
|        |         | Driver: SHA256_Module_0/SHA256_BLOCK_0/reg_17x32_0/data_out_ready                                                  |
| 259    | INT_NET | Net   : SHA256_Module_0/reg9_1x32_0/wen_or_i_3_i_0                                                                 |
|        |         | Driver: SHA256_Module_0/reg9_1x32_0/reg_1x32_0/wen_or_i_3_i                                                        |
| 257    | INT_NET | Net   : SHA256_Module_0/SHA256_BLOCK_0/gv_sha256_0/oregs_ce_i_a2_0_a2                                              |
|        |         | Driver: SHA256_Module_0/SHA256_BLOCK_0/gv_sha256_0/Inst_sha256_control/oregs_ce_i_a2_0_a2                          |
| 256    | INT_NET | Net   : SHA256_Module_0/SHA256_BLOCK_0/gv_sha256_0/N_168_i_0                                                       |
|        |         | Driver: SHA256_Module_0/SHA256_BLOCK_0/gv_sha256_0/Inst_sha256_control/oregs_ce_i_a2_0_a2_i                        |
| 256    | INT_NET | Net   : SHA256_Module_0/SHA256_BLOCK_0/gv_sha256_0/core_ce_o_iv_i_0                                                |
|        |         | Driver: SHA256_Module_0/SHA256_BLOCK_0/gv_sha256_0/Inst_sha256_control/hash_control_st_reg_RNIM1OU[0]              |
+--------+---------+--------------------------------------------------------------------------------------------------------------------+

