Resource Usage Report for sha256_system 

Mapping to part: m2s060fbga484-1
Cell usage:
AND2            1 use
CCC             1 use
CLKINT          4 uses
MSS_060         1 use
RCOSC_25_50MHZ  1 use
SYSRESET        1 use
CFG1           2 uses
CFG2           118 uses
CFG3           553 uses
CFG4           964 uses

Carry primitives used for arithmetic functions:
ARI1           677 uses


Sequential Cells: 
SLE            2034 uses

DSP Blocks:    0

I/O ports: 2
I/O primitives: 1
OUTBUF         1 use


Global Clock Buffers: 4


Total LUTs:    2314

Extra resources required for RAM and MACC interface logic during P&R:

RAM64x18 Interface Logic : SLEs = 0; LUTs = 0;
RAM1K18  Interface Logic : SLEs = 0; LUTs = 0;
MACC     Interface Logic : SLEs = 0; LUTs = 0;

Total number of SLEs after P&R:  2034 + 0 + 0 + 0 = 2034;
Total number of LUTs after P&R:  2314 + 0 + 0 + 0 = 2314;

