Resource Usage Report for CertificationSystem 

Mapping to part: m2s090tsfbga484-1
Cell usage:
CCC             1 use
CLKINT          2 uses
MSS_075         1 use
RCOSC_25_50MHZ  1 use
SYSRESET        1 use
CFG2           86 uses
CFG3           91 uses
CFG4           833 uses


Sequential Cells: 
SLE            115 uses

DSP Blocks:    0

I/O ports: 8
I/O primitives: 7
BIBUF          2 uses
INBUF          2 uses
OUTBUF         1 use
TRIBUFF        2 uses


Global Clock Buffers: 2


Total LUTs:    1010

Extra resources required for RAM and MACC interface logic during P&R:

RAM64x18 Interface Logic : SLEs = 0; LUTs = 0;
RAM1K18  Interface Logic : SLEs = 1152; LUTs = 1152;
MACC     Interface Logic : SLEs = 0; LUTs = 0;

Total number of SLEs after P&R:  115 + 0 + 1152 + 0 = 1267;
Total number of LUTs after P&R:  1010 + 0 + 1152 + 0 = 2162;

